<?xml version="1.0" encoding="UTF-8"?>
<testsuites>
    <testsuite name="force.apex" timestamp="2020-07-30T23:04:56-05:00" hostname="https://inspiration-computing-6472-dev-ed.cs91.my.salesforce.com" tests="1" failures="1"  errors="0"  time="1.65">
        <properties>
            <property name="outcome" value="Failed"/>
            <property name="testsRan" value="1"/>
            <property name="passing" value="0"/>
            <property name="failing" value="1"/>
            <property name="skipped" value="0"/>
            <property name="passRate" value="0%"/>
            <property name="failRate" value="100%"/>
            <property name="testStartTime" value="Jul 30, 2020 11:04 PM"/>
            <property name="testExecutionTime" value="1.65 s"/>
            <property name="testTotalTime" value="1.65 s"/>
            <property name="commandTime" value="9.44 s"/>
            <property name="hostname" value="https://inspiration-computing-6472-dev-ed.cs91.my.salesforce.com"/>
            <property name="orgId" value="00D2F000000AiZOUA0"/>
            <property name="username" value="test-lanivcw2dtmk@example.com"/>
            <property name="testRunId" value="7072F00001VmH9U"/>
            <property name="userId" value="0052F000006JcZ3QAK"/>
        </properties>
        <testcase name="shouldDeleteQuestion" classname="formsBuilderControllerUnitTest" time="1.65">
            <failure message="System.AssertException: Assertion Failed: Expected: 35, Actual: 1"><![CDATA[Class.forms.BuilderControllerUnitTest.shouldDeleteQuestion: line 303, column 1]]></failure>
        </testcase>
    </testsuite>
</testsuites>
