<?xml version="1.0" encoding="UTF-8"?>
<testsuites>
    <testsuite name="force.apex" timestamp="2019-12-12T21:44:41-06:00" hostname="https://customization-business-8920-dev-ed.cs94.my.salesforce.com" tests="1" failures="1"  errors="0"  time="1.53">
        <properties>
            <property name="outcome" value="Failed"/>
            <property name="testsRan" value="1"/>
            <property name="passing" value="0"/>
            <property name="failing" value="1"/>
            <property name="skipped" value="0"/>
            <property name="passRate" value="0%"/>
            <property name="failRate" value="100%"/>
            <property name="testStartTime" value="Dec 12, 2019 9:44 PM"/>
            <property name="testExecutionTime" value="1.53 s"/>
            <property name="testTotalTime" value="1.53 s"/>
            <property name="commandTime" value="7.46 s"/>
            <property name="hostname" value="https://customization-business-8920-dev-ed.cs94.my.salesforce.com"/>
            <property name="orgId" value="00D0R0000001hlnUAA"/>
            <property name="username" value="test-tkg6ixvrkmnr@example.com"/>
            <property name="testRunId" value="7070R00000mLwiE"/>
            <property name="userId" value="0050R000003YmuIQAS"/>
        </properties>
        <testcase name="shouldDeleteForm" classname="FormControllerTest" time="1.53">
            <failure message="System.AssertException: Assertion Failed: Expected: 0, Actual: 1"><![CDATA[Class.FormControllerTest.shouldDeleteForm: line 49, column 1]]></failure>
        </testcase>
    </testsuite>
</testsuites>
