<?xml version="1.0" encoding="UTF-8"?>
<testsuites>
    <testsuite name="force.apex" timestamp="2020-07-30T23:08:03-05:00" hostname="https://inspiration-computing-6472-dev-ed.cs91.my.salesforce.com" tests="1" failures="1"  errors="0"  time="1.51">
        <properties>
            <property name="outcome" value="Failed"/>
            <property name="testsRan" value="1"/>
            <property name="passing" value="0"/>
            <property name="failing" value="1"/>
            <property name="skipped" value="0"/>
            <property name="passRate" value="0%"/>
            <property name="failRate" value="100%"/>
            <property name="testStartTime" value="Jul 30, 2020 11:08 PM"/>
            <property name="testExecutionTime" value="1.51 s"/>
            <property name="testTotalTime" value="1.51 s"/>
            <property name="commandTime" value="10.33 s"/>
            <property name="hostname" value="https://inspiration-computing-6472-dev-ed.cs91.my.salesforce.com"/>
            <property name="orgId" value="00D2F000000AiZOUA0"/>
            <property name="username" value="test-lanivcw2dtmk@example.com"/>
            <property name="testRunId" value="7072F00001VmHDR"/>
            <property name="userId" value="0052F000006JcZ3QAK"/>
        </properties>
        <testcase name="shouldSaveQuestionWithOptions" classname="formsBuilderControllerUnitTest" time="1.51">
            <failure message="System.AssertException: Assertion Failed: Expected: 1, Actual: 0"><![CDATA[Class.forms.BuilderControllerUnitTest.shouldSaveQuestionWithOptions: line 125, column 1]]></failure>
        </testcase>
    </testsuite>
</testsuites>
