=== Test Reports
FORMAT  FILE
──────  ─────────────────────────────────────────────────────────────────────────────────────────────────────────────────────────────
txt     /Users/befigenio/Sandbox/clarity/forms/clarity-scratch-org/.sfdx/tools/testresults/apex/test-result.txt
txt     /Users/befigenio/Sandbox/clarity/forms/clarity-scratch-org/.sfdx/tools/testresults/apex/test-run-id.txt
junit   /Users/befigenio/Sandbox/clarity/forms/clarity-scratch-org/.sfdx/tools/testresults/apex/test-result-7071D0000111q9s-junit.xml
json    /Users/befigenio/Sandbox/clarity/forms/clarity-scratch-org/.sfdx/tools/testresults/apex/test-result-7071D0000111q9s.json

=== Test Results
TEST NAME                                                                                                             OUTCOME  MESSAGE                                                                                                         RUNTIME (MS)
────────────────────────────────────────────────────────────────────────────────────────────────────────────────────  ───────  ──────────────────────────────────────────────────────────────────────────────────────────────────────────────  ────────────
AnswersResourceUnitTest.shouldUpdateAnswers                                                                           Pass                                                                                                                     276
AppsResourceUnitTest.shouldGetApps                                                                                    Pass                                                                                                                     645
AttachmentsResourceUnitTest.shouldUpdateAttachments                                                                   Pass                                                                                                                     1511
BuilderControllerUnitTest.shouldDeleteQuestion                                                                        Pass                                                                                                                     1032
BuilderControllerUnitTest.shouldGetConnections                                                                        Pass                                                                                                                     386
BuilderControllerUnitTest.shouldGetForm                                                                               Pass                                                                                                                     166
BuilderControllerUnitTest.shouldGetQuestions                                                                          Pass                                                                                                                     265
BuilderControllerUnitTest.shouldSave                                                                                  Pass                                                                                                                     379
BuilderControllerUnitTest.shouldSaveActiveFieldConnections                                                            Pass                                                                                                                     378
BuilderControllerUnitTest.shouldSaveConnections                                                                       Pass                                                                                                                     233
BuilderControllerUnitTest.shouldSaveQuestion                                                                          Pass                                                                                                                     221
BuilderControllerUnitTest.shouldSaveQuestionWithCriteria                                                              Pass                                                                                                                     392
BuilderControllerUnitTest.shouldSaveQuestionWithOptions                                                               Pass                                                                                                                     285
BuilderControllerUnitTest.shouldSaveRecordGroupFields                                                                 Pass                                                                                                                     333
BuilderControllerUnitTest.shouldUpdateForm                                                                            Pass                                                                                                                     259
BuilderControllerUnitTest.shoulGetSObjectsAvailable                                                                   Pass                                                                                                                     159
ConnectionCreateJobTest.shouldCreateAccountConnectionFromQuestionValue                                                Pass                                                                                                                     1512
ConnectionCreateJobTest.shouldCreateMultipleConnectionsFromCustomValues                                               Pass                                                                                                                     1248
ConnectionCreateJobTest.shouldCreateMultipleConnectionsWithAppropriateStoreIds                                        Pass                                                                                                                     1167
ConnectionCreateJobTest.shouldFailToCreateOpportunityConnectionFromCustomValue                                        Fail     System.AssertException: Assertion Failed: Expected: Success, Actual: Failed                                     1067
                                                                                                                               Class.forms.ConnectionCreateJobTest.shouldFailToCreateOpportunityConnectionFromCustomValue: line 164, column 1
ConnectionCreateJobTest.shouldUpdateProcessToFailed                                                                   Pass                                                                                                                     860
ConnectionFieldValidationTest.shouldDeleteFieldOnConnectionUpdate                                                     Pass                                                                                                                     632
fflib_AnswerTest.thatAnswerOnlyForTheMethodStubbedWithAnswer                                                          Pass                                                                                                                     97
fflib_AnswerTest.thatAnswerOnlyForTheStubbedParameter                                                                 Pass                                                                                                                     31
fflib_AnswerTest.thatAnswersWithException                                                                             Pass                                                                                                                     21
fflib_AnswerTest.thatAnswerToDifferentVoidMethods                                                                     Pass                                                                                                                     38
fflib_AnswerTest.thatAnswerToVoidAndNotVoidMethods                                                                    Pass                                                                                                                     46
fflib_AnswerTest.thatAnswerToVoidMethod                                                                               Pass                                                                                                                     21
fflib_AnswerTest.thatArgumentListEmptyForMethodWithNoArgument                                                         Pass                                                                                                                     16
fflib_AnswerTest.thatExceptionIsThrownWhenAccessNegativeIndexArgument                                                 Pass                                                                                                                     22
fflib_AnswerTest.thatExceptionIsThrownWhenAccessOutOfIndexArgument                                                    Pass                                                                                                                     21
fflib_AnswerTest.thatMethodsParametersAreAccessible                                                                   Pass                                                                                                                     19
fflib_AnswerTest.thatMethodsParametersAreAccessibleWhenCalledWithMatchers                                             Pass                                                                                                                     20
fflib_AnswerTest.thatMultipleAnswersAreHandled                                                                        Pass                                                                                                                     41
fflib_AnswerTest.thatStoresMethodIntoInvocationOnMock                                                                 Pass                                                                                                                     21
fflib_AnswerTest.thatStoresMockInstanceIntoInvocationOnMock                                                           Pass                                                                                                                     18
fflib_AnyOrderTest.thatBetweenThrownExceptionIfCalledLessThanAtLeastNumberOfTimes                                     Pass                                                                                                                     219
fflib_AnyOrderTest.thatBetweenThrownExceptionIfCalledLessThanAtLeastNumberOfTimesWithMatchers                         Pass                                                                                                                     39
fflib_AnyOrderTest.thatBetweenThrownExceptionIfCalledMoreThanAtMostNumberOfTimes                                      Pass                                                                                                                     56
fflib_AnyOrderTest.thatBetweenThrownExceptionIfCalledMoreThanAtMostNumberOfTimesWithMatchers                          Pass                                                                                                                     51
fflib_AnyOrderTest.thatCustomMessageIsAdded                                                                           Pass                                                                                                                     30
fflib_AnyOrderTest.thatThrownExceptionIfCalledLessThanAtLeastNumberOfTimes                                            Pass                                                                                                                     40
fflib_AnyOrderTest.thatThrownExceptionIfCalledLessThanAtLeastNumberOfTimesWithMatchers                                Pass                                                                                                                     30
fflib_AnyOrderTest.thatThrownExceptionIfCalledLessThanAtLeastOnce                                                     Pass                                                                                                                     30
fflib_AnyOrderTest.thatThrownExceptionIfCalledLessThanAtLeastOnceNumberOfTimes                                        Pass                                                                                                                     23
fflib_AnyOrderTest.thatThrownExceptionIfCalledLessThanAtLeastOnceNumberOfTimesWithMatchers                            Pass                                                                                                                     34
fflib_AnyOrderTest.thatThrownExceptionIfCalledLessThanAtLeastOnceWithMatchers                                         Pass                                                                                                                     25
fflib_AnyOrderTest.thatThrownExceptionIfCalledMoreThanAtMostNumberOfTimes                                             Pass                                                                                                                     47
fflib_AnyOrderTest.thatThrownExceptionIfCalledMoreThanAtMostNumberOfTimesWithMatchers                                 Pass                                                                                                                     35
fflib_AnyOrderTest.thatVerifiesAtLeastNumberOfTimes                                                                   Pass                                                                                                                     28
fflib_AnyOrderTest.thatVerifiesAtLeastNumberOfTimesWhenIsCalledMoreTimes                                              Pass                                                                                                                     35
fflib_AnyOrderTest.thatVerifiesAtLeastNumberOfTimesWhenIsCalledMoreTimesWithMatchers                                  Pass                                                                                                                     30
fflib_AnyOrderTest.thatVerifiesAtLeastNumberOfTimesWithMatchers                                                       Pass                                                                                                                     21
fflib_AnyOrderTest.thatVerifiesAtLeastOnce                                                                            Pass                                                                                                                     31
fflib_AnyOrderTest.thatVerifiesAtLeastOnceNumberOfTimes                                                               Pass                                                                                                                     34
fflib_AnyOrderTest.thatVerifiesAtLeastOnceNumberOfTimesWhenIsCalledMoreTimes                                          Pass                                                                                                                     29
fflib_AnyOrderTest.thatVerifiesAtLeastOnceNumberOfTimesWhenIsCalledMoreTimesWithMatchers                              Pass                                                                                                                     43
fflib_AnyOrderTest.thatVerifiesAtLeastOnceNumberOfTimesWithMatchers                                                   Pass                                                                                                                     30
fflib_AnyOrderTest.thatVerifiesAtLeastOnceWhenIsCalledMoreTimes                                                       Pass                                                                                                                     38
fflib_AnyOrderTest.thatVerifiesAtLeastOnceWhenIsCalledMoreTimesWithMatchers                                           Pass                                                                                                                     30
fflib_AnyOrderTest.thatVerifiesAtLeastOnceWithMatchers                                                                Pass                                                                                                                     21
fflib_AnyOrderTest.thatVerifiesAtMostNumberOfTimes                                                                    Pass                                                                                                                     31
fflib_AnyOrderTest.thatVerifiesAtMostNumberOfTimesWithMatchers                                                        Pass                                                                                                                     24
fflib_AnyOrderTest.thatVerifiesAtMostSameNumberOfTimes                                                                Pass                                                                                                                     33
fflib_AnyOrderTest.thatVerifiesAtMostSameNumberOfTimesWithMatchers                                                    Pass                                                                                                                     34
fflib_AnyOrderTest.thatVerifiesBetweenNumberOfTimes                                                                   Pass                                                                                                                     59
fflib_AnyOrderTest.thatVerifiesBetweenNumberOfTimesWithMatchers                                                       Pass                                                                                                                     30
fflib_AnyOrderTest.thatVerifyNeverFailsWhenCalledMoreTimes                                                            Pass                                                                                                                     23
fflib_AnyOrderTest.thatVerifyNeverFailsWhenCalledMoreTimesWithMatchers                                                Pass                                                                                                                     38
fflib_AnyOrderTest.thatVerifyTimesMethodFailsWhenCalledLessTimes                                                      Pass                                                                                                                     27
fflib_AnyOrderTest.thatVerifyTimesMethodFailsWhenCalledLessTimesWithMatchers                                          Pass                                                                                                                     29
fflib_AnyOrderTest.thatVerifyTimesMethodFailsWhenCalledMoreTimes                                                      Pass                                                                                                                     26
fflib_AnyOrderTest.thatVerifyTimesMethodFailsWhenCalledMoreTimesWithMatchers                                          Pass                                                                                                                     28
fflib_AnyOrderTest.verifyMethodCallWhenNoCallsBeenMadeForType                                                         Pass                                                                                                                     12
fflib_AnyOrderTest.verifyMethodNotCalled                                                                              Pass                                                                                                                     22
fflib_AnyOrderTest.verifyMultipleMethodCallsWithSameSingleArgument                                                    Pass                                                                                                                     30
fflib_AnyOrderTest.verifyNeverMethodHasBeenNotCalledWithMatchers                                                      Pass                                                                                                                     33
fflib_AnyOrderTest.verifyNeverMethodHasNotBeenCalled                                                                  Pass                                                                                                                     26
fflib_AnyOrderTest.verifySingleMethodCallWithMultipleArguments                                                        Pass                                                                                                                     25
fflib_AnyOrderTest.verifyTimesMethodHasBeenCalled                                                                     Pass                                                                                                                     26
fflib_AnyOrderTest.verifyTimesMethodHasBeenCalledWithMatchers                                                         Pass                                                                                                                     98
fflib_AnyOrderTest.whenVerifyCustomMatchersCanBeUsed                                                                  Pass                                                                                                                     65
fflib_AnyOrderTest.whenVerifyMethodNeverCalledMatchersAreReset                                                        Pass                                                                                                                     21
fflib_AnyOrderTest.whenVerifyMultipleCallsWithMatchersShouldReturnCorrectMethodCallCounts                             Pass                                                                                                                     35
fflib_AnyOrderTest.whenVerifyWithCombinedMatchersShouldReturnCorrectMethodCallCounts                                  Pass                                                                                                                     78
fflib_ApexMocksTest.stubAndVerifyMethodCallsWithNoArguments                                                           Pass                                                                                                                     167
fflib_ApexMocksTest.thatExceptionIsthrownWhenReturnMultiPassEmptyList                                                 Pass                                                                                                                     20
fflib_ApexMocksTest.thatExceptionIsthrownWhenReturnMultiPassNullList                                                  Pass                                                                                                                     16
fflib_ApexMocksTest.thatExceptionIsthrownWhenStubbingIsNotDone                                                        Pass                                                                                                                     24
fflib_ApexMocksTest.thatExceptionIsthrownWhenThrowMultiPassEmptyList                                                  Pass                                                                                                                     18
fflib_ApexMocksTest.thatExceptionIsthrownWhenThrowMultiPassNullList                                                   Pass                                                                                                                     439
fflib_ApexMocksTest.thatMultipleInstancesCanBeMockedDependently                                                       Pass                                                                                                                     104
fflib_ApexMocksTest.thatMultipleInstancesCanBeMockedIndependently                                                     Pass                                                                                                                     42
fflib_ApexMocksTest.thatMultipleVoidMethodsThrowsMultipleExceptions                                                   Pass                                                                                                                     101
fflib_ApexMocksTest.thatNullCanBeUsedAsExceptionvalue                                                                 Pass                                                                                                                     19
fflib_ApexMocksTest.thatNullCanBeUsedAsReturnValue                                                                    Pass                                                                                                                     30
fflib_ApexMocksTest.thatStubbingCanBeChainedFirstValueThenException                                                   Pass                                                                                                                     35
fflib_ApexMocksTest.thatStubbingMultipleMethodsCanBeChainedFirstExceptionThenValue                                    Pass                                                                                                                     46
fflib_ApexMocksTest.thatStubbingMultipleMethodsCanBeChainedFirstValueThenException                                    Pass                                                                                                                     44
fflib_ApexMocksTest.thatStubbingMultipleTimesOverridePreviousThenReturnMultiWithMultiExceptions                       Pass                                                                                                                     45
fflib_ApexMocksTest.thatStubbingMultipleTimesOverridePreviousThenReturnMultiWithMultiValue                            Pass                                                                                                                     53
fflib_ApexMocksTest.thatStubbingMultipleTimesOverridePreviousThenReturnMultiWithSingleException                       Pass                                                                                                                     29
fflib_ApexMocksTest.thatStubbingMultipleTimesOverridePreviousThenReturnMultiWithSingleValue                           Pass                                                                                                                     29
fflib_ApexMocksTest.thatStubbingMultipleTimesOverridePreviousThenReturnWithMultiExceptions                            Pass                                                                                                                     49
fflib_ApexMocksTest.thatStubbingMultipleTimesOverridePreviousThenReturnWithMultiValues                                Pass                                                                                                                     45
fflib_ApexMocksTest.thatStubbingMultipleTimesOverridePreviousThenReturnWithSingleException                            Pass                                                                                                                     28
fflib_ApexMocksTest.thatStubbingMultipleTimesOverridePreviousThenReturnWithSingleValue                                Pass                                                                                                                     28
fflib_ApexMocksTest.thatStubbingMultipleTimesOverridePreviousThenThrowMultiWithMultiExceptions                        Pass                                                                                                                     52
fflib_ApexMocksTest.thatStubbingMultipleTimesOverridePreviousThenThrowMultiWithMultiValue                             Pass                                                                                                                     68
fflib_ApexMocksTest.thatStubbingMultipleTimesOverridePreviousThenThrowMultiWithSingleException                        Pass                                                                                                                     40
fflib_ApexMocksTest.thatStubbingMultipleTimesOverridePreviousThenThrowMultiWithSingleValue                            Pass                                                                                                                     35
fflib_ApexMocksTest.thatStubbingMultipleTimesOverridePreviousThenThrowWithMultiExceptions                             Pass                                                                                                                     48
fflib_ApexMocksTest.thatStubbingMultipleTimesOverridePreviousThenThrowWithMultiValues                                 Pass                                                                                                                     54
fflib_ApexMocksTest.thatStubbingMultipleTimesOverridePreviousThenThrowWithSingleException                             Pass                                                                                                                     30
fflib_ApexMocksTest.thatStubbingMultipleTimesOverridePreviousThenThrowWithSingleValue                                 Pass                                                                                                                     31
fflib_ApexMocksTest.thatStubbingMutipleTimesVoidMethodThrowsMultipleExceptionsOverride                                Pass                                                                                                                     47
fflib_ApexMocksTest.thatStubbingMutipleTimesVoidMethodThrowsMultipleExceptionsOverrideWithSingleException             Pass                                                                                                                     31
fflib_ApexMocksTest.thatStubbingReturnsAndThrowsDifferentValuesAndExceptionsForDifferentCalls                         Pass                                                                                                                     86
fflib_ApexMocksTest.thatStubbingReturnsDifferentValuesForDifferentCalls                                               Pass                                                                                                                     30
fflib_ApexMocksTest.thatStubbingReturnsDifferentValuesForDifferentCallsAndRepeatLastValuesForFurtherCalls             Pass                                                                                                                     38
fflib_ApexMocksTest.thatStubbingThrowsAndReturnsDifferentExceptionsAndValuesForDifferentCalls                         Pass                                                                                                                     57
fflib_ApexMocksTest.thatStubbingThrowsDifferentExceptionsForDifferentCalls                                            Pass                                                                                                                     31
fflib_ApexMocksTest.thatStubbingThrowsDifferentExceptionsForDifferentCallsAndRepeatLastExceptionForFurtherCalls       Pass                                                                                                                     39
fflib_ApexMocksTest.thatVoidMethodThrowsMultipleExceptions                                                            Pass                                                                                                                     41
fflib_ApexMocksTest.verifyMethodCallsWithSameNameButDifferentArgumentTypes                                            Pass                                                                                                                     49
fflib_ApexMocksTest.verifyMethodCallWhenNoCallsBeenMadeForType                                                        Pass                                                                                                                     14
fflib_ApexMocksTest.verifyMethodNotCalled                                                                             Pass                                                                                                                     25
fflib_ApexMocksTest.verifyMultipleMethodCallsWithDifferentSingleArgument                                              Pass                                                                                                                     28
fflib_ApexMocksTest.verifyMultipleMethodCallsWithSameSingleArgument                                                   Pass                                                                                                                     22
fflib_ApexMocksTest.verifySingleMethodCallWithMultipleArguments                                                       Pass                                                                                                                     26
fflib_ApexMocksTest.verifySingleMethodCallWithNoArguments                                                             Pass                                                                                                                     18
fflib_ApexMocksTest.verifySingleMethodCallWithSingleArgument                                                          Pass                                                                                                                     21
fflib_ApexMocksTest.whenMockIsGeneratedCanStubVerify                                                                  Pass                                                                                                                     41
fflib_ApexMocksTest.whenMockIsGeneratedCanVerify                                                                      Pass                                                                                                                     28
fflib_ApexMocksTest.whenSetDoThrowWhenExceptionsValuesAreSet                                                          Pass                                                                                                                     13
fflib_ApexMocksTest.whenStubCallWithNoArgumentsShouldReturnStubbedValue                                               Pass                                                                                                                     21
fflib_ApexMocksTest.whenStubCustomMatchersCanBeUsed                                                                   Pass                                                                                                                     51
fflib_ApexMocksTest.whenStubExceptionSameMethodWithMatchersAndNonMatchersShouldStubInOrder                            Pass                                                                                                                     58
fflib_ApexMocksTest.whenStubExceptionTheExceptionShouldBeThrown                                                       Pass                                                                                                                     20
fflib_ApexMocksTest.whenStubExceptionWithMatchersShouldThrowException                                                 Pass                                                                                                                     26
fflib_ApexMocksTest.whenStubMultipleCallsWithMatchersShouldReturnExpectedValues                                       Pass                                                                                                                     26
fflib_ApexMocksTest.whenStubMultipleCallsWithMultipleArgumentShouldReturnStubbedValues                                Pass                                                                                                                     71
fflib_ApexMocksTest.whenStubMultipleCallsWithSingleArgumentShouldReturnStubbedValues                                  Pass                                                                                                                     38
fflib_ApexMocksTest.whenStubMultipleVoidMethodsWithExceptionsThenExceptionsShouldBeThrown                             Pass                                                                                                                     32
fflib_ApexMocksTest.whenStubNullConcreteArgValueCorrectValueIsReturned                                                Pass                                                                                                                     23
fflib_ApexMocksTest.whenStubSameCallWithDifferentArgumentValueShouldReturnLastStubbedValue                            Pass                                                                                                                     28
fflib_ApexMocksTest.whenStubSameMethodWithMatchersAndNonMatchersShouldStubInOrder                                     Pass                                                                                                                     43
fflib_ApexMocksTest.whenStubSingleCallWithNullReturnValueItShouldReturnNull                                           Pass                                                                                                                     20
fflib_ApexMocksTest.whenStubSingleCallWithSingleArgumentShouldReturnStubbedValue                                      Pass                                                                                                                     21
fflib_ApexMocksTest.whenStubVoidMethodWithExceptionAndCallMethodTwiceThenExceptionShouldBeThrownTwice                 Pass                                                                                                                     32
fflib_ApexMocksTest.whenStubVoidMethodWithExceptionThenExceptionShouldBeThrown                                        Pass                                                                                                                     29
fflib_ApexMocksTest.whenStubWithMatcherAndNonMatcherArgumentsShouldThrowException                                     Pass                                                                                                                     17
fflib_ApexMocksTest.whenVerifyCustomMatchersCanBeUsed                                                                 Pass                                                                                                                     55
fflib_ApexMocksTest.whenVerifyMethodNeverCalledMatchersAreReset                                                       Pass                                                                                                                     24
fflib_ApexMocksTest.whenVerifyMultipleCallsWithMatchersShouldReturnCorrectMethodCallCounts                            Pass                                                                                                                     34
fflib_ApexMocksTest.whenVerifyWithCombinedMatchersShouldReturnCorrectMethodCallCounts                                 Pass                                                                                                                     84
fflib_ApexMocksTest.whenVerifyWithMatcherAndNonMatcherArgumentsShouldThrowException                                   Pass                                                                                                                     18
fflib_ApexMocksUtilsTest.makeRelationship_GenericOverload_ReturnsObjectsWithRelationFieldSet                          Pass                                                                                                                     1811
fflib_ApexMocksUtilsTest.makeRelationship_GenericOverload_ThrowsErrorOnInvalidChildType                               Pass                                                                                                                     64
fflib_ApexMocksUtilsTest.makeRelationship_GenericOverload_ThrowsErrorOnInvalidFieldName                               Pass                                                                                                                     63
fflib_ApexMocksUtilsTest.makeRelationship_GenericOverload_ThrowsErrorOnInvalidParentType                              Pass                                                                                                                     50
fflib_ApexMocksUtilsTest.makeRelationship_returnsObjectsWithRelationFieldSet                                          Pass                                                                                                                     36
fflib_ApexMocksUtilsTest.setReadOnlyFields_CreatedByIdSetToCurrentUserId_IdFieldSetSuccessfully                       Pass                                                                                                                     13
fflib_ApexMocksUtilsTest.setReadOnlyFields_IsDeletedSetOnAccount_BooleanFieldSetSuccessfully                          Pass                                                                                                                     11
fflib_ApexMocksUtilsTest.setReadOnlyFields_LastReferencedDateSetOnAccount_DateTimeFieldSetSuccessfully                Pass                                                                                                                     11
fflib_ApplicationTest.callingDomainFactoryShouldGiveRegisteredImplsAndMocks                                           Pass                                                                                                                     96
fflib_ApplicationTest.callingDomainFactoryWithContructorClassThatDoesNotSupportIConstructableShouldGiveException      Pass                                                                                                                     15
fflib_ApplicationTest.callingDomainFactoryWithGenericListShouldGiveException                                          Pass                                                                                                                     16
fflib_ApplicationTest.callingDomainFactoryWithIdsShouldGiveRegisteredImpls                                            Pass                                                                                                                     66
fflib_ApplicationTest.callingDomainFactoryWithInAccessableConstructorShouldGiveException                              Pass                                                                                                                     13
fflib_ApplicationTest.callingDomainFactoryWithNoSObjectTypeShouldGiveException                                        Pass                                                                                                                     11
fflib_ApplicationTest.callingMockedUnitOfWorkWithCustomDML                                                            Pass                                                                                                                     26
fflib_ApplicationTest.callingMockedUnitOfWorkWithCustomObjectTypesAndDML                                              Pass                                                                                                                     27
fflib_ApplicationTest.callingSelectorFactorySelectByIdWithEmptyListShouldGiveException                                Pass                                                                                                                     22
fflib_ApplicationTest.callingSelectorFactorySelectByIdWithMixedIdTypeListShouldGiveException                          Pass                                                                                                                     13
fflib_ApplicationTest.callingSelectorFactoryShouldGiveRegisteredImpls                                                 Pass                                                                                                                     21
fflib_ApplicationTest.callingSelectoryFactorySelectByIdShouldReturnResults                                            Pass                                                                                                                     46
fflib_ApplicationTest.callingSelectoryFactorySselectByRelationshipPassRelatedIds                                      Pass                                                                                                                     54
fflib_ApplicationTest.callingServiceFactoryShouldGiveRegisteredImplsAndMockImpls                                      Pass                                                                                                                     17
fflib_ApplicationTest.callingUnitOfWorkFactoryShouldGivenStandardImplsAndMockImpls                                    Pass                                                                                                                     40
fflib_ApplicationTest.callingUnitOfWorkFactoryWithCustomTypesShouldGivenStandardImplsAndMockImpls                     Pass                                                                                                                     19
fflib_ApplicationTest.callingUnitOfWorkWithCustomDML                                                                  Pass                                                                                                                     27
fflib_ApplicationTest.callingUnitOfWorkWithCustomObjectTypesAndDML                                                    Pass                                                                                                                     21
fflib_ArgumentCaptorTest.thatArgumentValueIsCaptured                                                                  Pass                                                                                                                     79
fflib_ArgumentCaptorTest.thatArgumentValueIsCapturedWithInOrderVerification                                           Pass                                                                                                                     28
fflib_ArgumentCaptorTest.thatCanHandleMultipleCapturesInOneMethodCall                                                 Pass                                                                                                                     38
fflib_ArgumentCaptorTest.thatCanHandleMultipleCapturesInOneMethodCallWithInOrderVerification                          Pass                                                                                                                     35
fflib_ArgumentCaptorTest.thatCanPerformFurtherAssertionsOnCapturedArgumentValue                                       Pass                                                                                                                     31
fflib_ArgumentCaptorTest.thatCanPerformFurtherAssertionsOnCapturedArgumentValueWithInOrderVerification                Pass                                                                                                                     33
fflib_ArgumentCaptorTest.thatCaptureAllArguments                                                                      Pass                                                                                                                     40
fflib_ArgumentCaptorTest.thatCaptureAllArgumentsForTheVerifiedMethods                                                 Pass                                                                                                                     57
fflib_ArgumentCaptorTest.thatCaptureAllArgumentsForTheVerifiedMethodsWithInOrderVerification                          Pass                                                                                                                     50
fflib_ArgumentCaptorTest.thatCaptureAllArgumentsFromMultipleMethods                                                   Pass                                                                                                                     51
fflib_ArgumentCaptorTest.thatCaptureAllArgumentsFromMultipleMethodsWithInOrderVerification                            Pass                                                                                                                     54
fflib_ArgumentCaptorTest.thatCaptureAllArgumentswhenMethodIsCalledWithTheSameArgument                                 Pass                                                                                                                     53
fflib_ArgumentCaptorTest.thatCaptureAllArgumentsWithInOrderVerification                                               Pass                                                                                                                     50
fflib_ArgumentCaptorTest.thatCaptureArgumentFromRequestedParameter                                                    Pass                                                                                                                     24
fflib_ArgumentCaptorTest.thatCaptureArgumentFromRequestedParameterWithInOrderVerification                             Pass                                                                                                                     27
fflib_ArgumentCaptorTest.thatCaptureArgumentOnlyFromVerifiedMethod                                                    Pass                                                                                                                     28
fflib_ArgumentCaptorTest.thatCaptureArgumentOnlyFromVerifiedMethodWithInOrderVerification                             Pass                                                                                                                     27
fflib_ArgumentCaptorTest.thatCaptureLastArgument                                                                      Pass                                                                                                                     26
fflib_ArgumentCaptorTest.thatCaptureLastArgumentWithInOrderVerification                                               Pass                                                                                                                     29
fflib_ArgumentCaptorTest.thatCaptureOnlyMethodsThatMatchesWithOtherMatcherAsWell                                      Pass                                                                                                                     32
fflib_ArgumentCaptorTest.thatCaptureOnlyMethodsThatMatchesWithOtherMatcherAsWellWithInOrderVerification               Pass                                                                                                                     30
fflib_ArgumentCaptorTest.thatDoesNotCaptureAnythingWhenCaptorIsWrappedInAMatcher                                      Pass                                                                                                                     40
fflib_ArgumentCaptorTest.thatDoesNotCaptureAnythingWhenCaptorIsWrappedInAMatcherWithInOrderVerification               Pass                                                                                                                     52
fflib_ArgumentCaptorTest.thatDoesNotCaptureIfNotVerified                                                              Pass                                                                                                                     460
fflib_ArgumentCaptorTest.thatDoesNotCaptureIfNotVerifiedWithInOrderVerification                                       Pass                                                                                                                     28
fflib_IDGeneratorTest.itShouldGenerateValidIDs                                                                        Pass                                                                                                                     92
fflib_InheritorTest.canInstantiateMultipleInterfaceInheritor                                                          Pass                                                                                                                     94
fflib_InheritorTest.canStubMultipleInterfaceInheritor                                                                 Pass                                                                                                                     51
fflib_InOrderTest.thatMixedVerificationDoNotInterfierWithOtherImplementationChecking                                  Pass                                                                                                                     221
fflib_InOrderTest.thatStrictVerificationCanBeEnforced                                                                 Pass                                                                                                                     131
fflib_InOrderTest.thatStrictVerificationCanBeEnforcedWithOldNotation                                                  Pass                                                                                                                     161
fflib_InOrderTest.thatStrictVerificationCanBeEnforcedWithOldNotationUsingDefaultTimesOne                              Pass                                                                                                                     160
fflib_InOrderTest.thatStrictVerificationCanBePerformed                                                                Pass                                                                                                                     65
fflib_InOrderTest.thatTimesOneIsTheDefaultVerification                                                                Pass                                                                                                                     94
fflib_InOrderTest.thatVerifyAtLeastConsumeAllTheInstances                                                             Pass                                                                                                                     92
fflib_InOrderTest.thatVerifyAtLeastConsumeAllTheInstancesForOnlyTheMethodVerified                                     Pass                                                                                                                     82
fflib_InOrderTest.thatVerifyAtLeastConsumesAllTheInstances2                                                           Pass                                                                                                                     78
fflib_InOrderTest.thatVerifyAtLeastOnce                                                                               Pass                                                                                                                     32
fflib_InOrderTest.thatVerifyAtLeastOnceConsumesAllTheInstances                                                        Pass                                                                                                                     61
fflib_InOrderTest.thatVerifyAtLeastOnceConsumesInstancesUntilLastMethodVerified                                       Pass                                                                                                                     42
fflib_InOrderTest.thatVerifyAtLeastOnceThrowsErrorIfCalledLessTimes                                                   Pass                                                                                                                     45
fflib_InOrderTest.thatVerifyAtLeastPassWithMoreCallsThenAsserted                                                      Pass                                                                                                                     530
fflib_InOrderTest.thatVerifyAtLeastPassWithSameCallsOfAssertion                                                       Pass                                                                                                                     86
fflib_InOrderTest.thatVerifyAtLeastThrowsErrorIfCalledLessTimes                                                       Pass                                                                                                                     69
fflib_InOrderTest.thatVerifyAtMostThrowsExceptionBecauseNotImplemented                                                Pass                                                                                                                     55
fflib_InOrderTest.thatVerifyBetweenThrowsExceptionBecauseNotImplemented                                               Pass                                                                                                                     59
fflib_InOrderTest.thatVerifyInOrderAllTheMethodsCalled                                                                Pass                                                                                                                     85
fflib_InOrderTest.thatVerifyInOrderCallMethodWithMatches                                                              Pass                                                                                                                     63
fflib_InOrderTest.thatVerifyInOrderCallMethodWithMatchesFailsIfVerifyACallAlreadyInTheMatcher                         Pass                                                                                                                     63
fflib_InOrderTest.thatVerifyInOrderCallMethodWithMultipleMatches                                                      Pass                                                                                                                     76
fflib_InOrderTest.thatVerifyInOrderCallMethodWithMultipleMatchesMixed                                                 Pass                                                                                                                     75
fflib_InOrderTest.thatVerifyInOrderCallMethodWithMultipleMatchesMixedFailWhenMatcherHaveAlreadyVerifiedMethod         Pass                                                                                                                     79
fflib_InOrderTest.thatVerifyInOrderCanHandleMixedInOrderInstance                                                      Pass                                                                                                                     173
fflib_InOrderTest.thatVerifyInOrderCanHandleMultipleMethodsCalls                                                      Pass                                                                                                                     61
fflib_InOrderTest.thatVerifyInOrderCanHandleMultipleMethodsCallsAndNotFailsIfVerifyCountIsGreaterThenExpected         Pass                                                                                                                     52
fflib_InOrderTest.thatVerifyInOrderCanHandleMultipleMethodsCallsButFailsIfVerifyCountIsLessThenExpected               Pass                                                                                                                     58
fflib_InOrderTest.thatVerifyInOrderCanHandleMultipleMocks                                                             Pass                                                                                                                     129
fflib_InOrderTest.thatVerifyInOrderCanSkipMethodsCalledUntilFindTheOneThatNeedsVerify                                 Pass                                                                                                                     54
fflib_InOrderTest.thatVerifyInOrderDifferentMethodsCalledWithSameArguments                                            Pass                                                                                                                     82
fflib_InOrderTest.thatVerifyInOrderDifferentMethodsCalledWithSameArgumentsDoubleCallFail                              Pass                                                                                                                     47
fflib_InOrderTest.thatVerifyInOrderDifferentMethodsCalledWithSameArgumentsOrderFail                                   Pass                                                                                                                     47
fflib_InOrderTest.thatVerifyInOrderThrownExceptionIfVerifyMockInstanceNotInTheSet                                     Pass                                                                                                                     28
fflib_InOrderTest.thatVerifyInOrderThrownExceptionWithCustomMessage                                                   Pass                                                                                                                     34
fflib_InOrderTest.thatVerifyNever                                                                                     Pass                                                                                                                     90
fflib_InOrderTest.thatVerifyNeverFailsWhenCalled                                                                      Pass                                                                                                                     92
fflib_InOrderTest.thatVerifyNeverFailsWhenCalledWithMatchers                                                          Pass                                                                                                                     85
fflib_InOrderTest.thatVerifyNeverWithMatchers                                                                         Pass                                                                                                                     87
fflib_InOrderTest.thatVerifyNoInteractionsFails                                                                       Pass                                                                                                                     25
fflib_InOrderTest.thatVerifyNoInteractionsPass                                                                        Pass                                                                                                                     16
fflib_InOrderTest.thatVerifyNoMoreInteractionsFails                                                                   Pass                                                                                                                     43
fflib_InOrderTest.thatVerifyNoMoreInteractionsFailsWhenNoInteracionOccurs                                             Pass                                                                                                                     27
fflib_InOrderTest.thatVerifyNoMoreInteractionsFailsWhenOnLyOneMethodLeft                                              Pass                                                                                                                     121
fflib_InOrderTest.thatVerifyNoMoreInteractionsPass                                                                    Pass                                                                                                                     98
fflib_InOrderTest.thatVerifyThrowsExceptionWhenCallsIsInvochedFromStandardMock                                        Pass                                                                                                                     32
fflib_InOrderTest.thatVerifyTimes                                                                                     Pass                                                                                                                     104
fflib_InOrderTest.thatVerifyTimesPassWhenAnotherMethodIsCalledBetweenMethodsCalls                                     Pass                                                                                                                     132
fflib_InOrderTest.thatVerifyTimesPassWhenAnotherMethodIsCalledBetweenMethodsCalls2                                    Pass                                                                                                                     125
fflib_InOrderTest.thatVerifyTimesPassWhenAnotherMethodIsCalledBetweenMethodsCalls3                                    Pass                                                                                                                     212
fflib_InOrderTest.thatVerifyTimesPassWhenAnotherMethodIsCalledBetweenMethodsCalls4                                    Pass                                                                                                                     165
fflib_InOrderTest.thatVerifyTimesThrowsExceptionIfCalledLessTimesThanExpected                                         Pass                                                                                                                     93
fflib_InOrderTest.thatVerifyTimesThrowsExceptionIfCalledMoreTimesThanExpected                                         Pass                                                                                                                     76
fflib_InOrderTest.thatVerifyTimesThrowsExceptionWhenAnotherMethodIsCalledBetweenMethodsCalls                          Pass                                                                                                                     1383
fflib_InOrderTest.thatWithOldNotation                                                                                 Pass                                                                                                                     183
fflib_InOrderTest.thatWithOldNotationPassWhenAnotherMethodIsCalledBetweenMethodsCalls                                 Pass                                                                                                                     164
fflib_InOrderTest.thatWithOldNotationThrowsExceptionIfCalledLessTimesThanExpected                                     Pass                                                                                                                     108
fflib_InOrderTest.thatWithOldNotationThrowsExceptionIfCalledMoreTimesThanExpected                                     Pass                                                                                                                     120
fflib_InOrderTest.thatWithOldNotationThrowsExceptionWhenAnotherMethodIsCalledBetweenMethodsCalls                      Pass                                                                                                                     143
fflib_InOrderTest.verifyAtLeastAndCapture                                                                             Pass                                                                                                                     151
fflib_InOrderTest.verifyCallsAndCapture                                                                               Pass                                                                                                                     78
fflib_InOrderTest.verifyTimesAndCaptor                                                                                Pass                                                                                                                     100
fflib_MatcherDefinitionsTest.constructDatetimeAfter_WithNullFromDatetime_ThrowsException                              Pass                                                                                                                     472
fflib_MatcherDefinitionsTest.constructDatetimeAfter_WithNullInclusive_ThrowsException                                 Pass                                                                                                                     167
fflib_MatcherDefinitionsTest.constructDatetimeBefore_WithNullInclusive_ThrowsException                                Pass                                                                                                                     262
fflib_MatcherDefinitionsTest.constructDatetimeBefore_WithNullToDatetime_ThrowsException                               Pass                                                                                                                     171
fflib_MatcherDefinitionsTest.constructDatetimeBetween_WithNullFromDatetime_ThrowsException                            Pass                                                                                                                     321
fflib_MatcherDefinitionsTest.constructDatetimeBetween_WithNullInclusiveFrom_ThrowsException                           Pass                                                                                                                     228
fflib_MatcherDefinitionsTest.constructDatetimeBetween_WithNullInclusiveTo_ThrowsException                             Pass                                                                                                                     174
fflib_MatcherDefinitionsTest.constructDatetimeBetween_WithNullToDatetime_ThrowsException                              Pass                                                                                                                     174
fflib_MatcherDefinitionsTest.constructDecimalBetween_WithNullInclusiveLower_ThrowsException                           Pass                                                                                                                     178
fflib_MatcherDefinitionsTest.constructDecimalBetween_WithNullInclusiveUpper_ThrowsException                           Pass                                                                                                                     200
fflib_MatcherDefinitionsTest.constructDecimalBetween_WithNullLower_ThrowsException                                    Pass                                                                                                                     179
fflib_MatcherDefinitionsTest.constructDecimalBetween_WithNullUpper_ThrowsException                                    Pass                                                                                                                     158
fflib_MatcherDefinitionsTest.constructDecimalLessThan_WithNullInclusive_ThrowsException                               Pass                                                                                                                     208
fflib_MatcherDefinitionsTest.constructDecimalLessThan_WithNullToMatch_ThrowsException                                 Pass                                                                                                                     178
fflib_MatcherDefinitionsTest.constructDecimalMoreThan_WithNullInclusive_ThrowsException                               Pass                                                                                                                     165
fflib_MatcherDefinitionsTest.constructDecimalMoreThan_WithNullToMatch_ThrowsException                                 Pass                                                                                                                     245
fflib_MatcherDefinitionsTest.constructEq_WithNullArg_ThrowsException                                                  Pass                                                                                                                     162
fflib_MatcherDefinitionsTest.constructFieldSetEquivalentTo_WithNullFieldSet_ThrowsException                           Pass                                                                                                                     183
fflib_MatcherDefinitionsTest.constructRefEq_WithNullArg_ThrowsException                                               Pass                                                                                                                     154
fflib_MatcherDefinitionsTest.constructSObjectOfType_WithNullArg_ThrowsException                                       Pass                                                                                                                     455
fflib_MatcherDefinitionsTest.constructSObjectWithId_WithNullArg_ThrowsException                                       Pass                                                                                                                     215
fflib_MatcherDefinitionsTest.constructSObjectWithName_WithNullArg_ThrowsException                                     Pass                                                                                                                     189
fflib_MatcherDefinitionsTest.constructSObjectWith_WithEmptyArg_ThrowsException                                        Pass                                                                                                                     180
fflib_MatcherDefinitionsTest.constructSObjectWith_WithNullArg_ThrowsException                                         Pass                                                                                                                     167
fflib_MatcherDefinitionsTest.constructStringContains_WithNullArg_ThrowsException                                      Pass                                                                                                                     176
fflib_MatcherDefinitionsTest.constructStringEndsWith_WithNullArg_ThrowsException                                      Pass                                                                                                                     183
fflib_MatcherDefinitionsTest.constructStringMatches_WithNullArg_ThrowsException                                       Pass                                                                                                                     201
fflib_MatcherDefinitionsTest.constructStringStartsWith_WithNullArg_ThrowsException                                    Pass                                                                                                                     172
fflib_MatcherDefinitionsTest.whenAnyBooleanMatchesShouldReturnCorrectResults                                          Pass                                                                                                                     165
fflib_MatcherDefinitionsTest.whenAnyDateMatchesShouldReturnCorrectResults                                             Pass                                                                                                                     175
fflib_MatcherDefinitionsTest.whenAnyDatetimeMatchesShouldReturnCorrectResults                                         Pass                                                                                                                     172
fflib_MatcherDefinitionsTest.whenAnyDecimalMatchesShouldReturnCorrectResults                                          Pass                                                                                                                     217
fflib_MatcherDefinitionsTest.whenAnyDoubleMatchesShouldReturnCorrectResults                                           Pass                                                                                                                     175
fflib_MatcherDefinitionsTest.whenAnyFieldSetMatchesShouldReturnCorrectResults                                         Pass                                                                                                                     824
fflib_MatcherDefinitionsTest.whenAnyIdMatchesShouldReturnCorrectResults                                               Pass                                                                                                                     146
fflib_MatcherDefinitionsTest.whenAnyIntegerMatchesShouldReturnCorrectResults                                          Pass                                                                                                                     140
fflib_MatcherDefinitionsTest.whenAnyListMatchesShouldReturnCorrectResults                                             Pass                                                                                                                     145
fflib_MatcherDefinitionsTest.whenAnyLongMatchesShouldReturnCorrectResults                                             Pass                                                                                                                     151
fflib_MatcherDefinitionsTest.whenAnyObjectMatchesShouldReturnCorrectResults                                           Pass                                                                                                                     143
fflib_MatcherDefinitionsTest.whenAnySObjectFieldMatchesShouldReturnCorrectResults                                     Pass                                                                                                                     146
fflib_MatcherDefinitionsTest.whenAnySObjectMatchesShouldReturnCorrectResults                                          Pass                                                                                                                     136
fflib_MatcherDefinitionsTest.whenAnySObjectTypeMatchesShouldReturnCorrectResults                                      Pass                                                                                                                     148
fflib_MatcherDefinitionsTest.whenAnyStringMatchesShouldReturnCorrectResults                                           Pass                                                                                                                     178
fflib_MatcherDefinitionsTest.whenCombinedMatchesWithAllExpressionShouldReturnCorrectResults                           Pass                                                                                                                     152
fflib_MatcherDefinitionsTest.whenCombinedMatchesWithAtLeastOneExpressionShouldReturnCorrectResults                    Pass                                                                                                                     205
fflib_MatcherDefinitionsTest.whenCombinedMatchesWithNoneExpressionShouldReturnCorrectResults                          Pass                                                                                                                     143
fflib_MatcherDefinitionsTest.whenConstructingCombinedWithEmptyInternalMatchersShouldThrowException                    Pass                                                                                                                     138
fflib_MatcherDefinitionsTest.whenConstructingCombinedWithNullConnectiveExpressionShouldThrowException                 Pass                                                                                                                     141
fflib_MatcherDefinitionsTest.whenConstructingCombinedWithNullInternalMatchersShouldThrowException                     Pass                                                                                                                     168
fflib_MatcherDefinitionsTest.whenDatetimeAfterMatchesWithInclusiveShouldReturnCorrectResults                          Pass                                                                                                                     139
fflib_MatcherDefinitionsTest.whenDatetimeAfterMatchesWithoutInclusiveShouldReturnCorrectResults                       Pass                                                                                                                     167
fflib_MatcherDefinitionsTest.whenDatetimeBeforeMatchesWithInclusiveShouldReturnCorrectResults                         Pass                                                                                                                     143
fflib_MatcherDefinitionsTest.whenDatetimeBeforeMatchesWithoutInclusiveShouldReturnCorrectResults                      Pass                                                                                                                     159
fflib_MatcherDefinitionsTest.whenDatetimeBetweenMatchesWithInclusiveFromWithoutInclusiveToShouldReturnCorrectResults  Pass                                                                                                                     148
fflib_MatcherDefinitionsTest.whenDatetimeBetweenMatchesWithInclusiveToWithoutInclusiveFromShouldReturnCorrectResults  Pass                                                                                                                     165
fflib_MatcherDefinitionsTest.whenDecimalBetweenMatchesShouldReturnCorrectResults                                      Pass                                                                                                                     150
fflib_MatcherDefinitionsTest.whenDecimalLessThanMatchesShouldReturnCorrectResults                                     Pass                                                                                                                     159
fflib_MatcherDefinitionsTest.whenDecimalMoreThanMatchesShouldReturnCorrectResults                                     Pass                                                                                                                     149
fflib_MatcherDefinitionsTest.whenEqMatchesShouldReturnCorrectResults                                                  Pass                                                                                                                     152
fflib_MatcherDefinitionsTest.whenFieldSetEquivalentToMatchesShouldReturnCorrectResults                                Pass                                                                                                                     568
fflib_MatcherDefinitionsTest.whenFieldSetEquivalentToWithoutFieldSetShouldNeverMatch                                  Pass                                                                                                                     174
fflib_MatcherDefinitionsTest.whenIsBlankWithMatchesShouldReturnCorrectResults                                         Pass                                                                                                                     155
fflib_MatcherDefinitionsTest.whenIsNotBlankWithMatchesShouldReturnCorrectResults                                      Pass                                                                                                                     280
fflib_MatcherDefinitionsTest.whenIsNotNullMatchesShouldReturnCorrectResults                                           Pass                                                                                                                     183
fflib_MatcherDefinitionsTest.whenIsNullMatchesShouldReturnCorrectResults                                              Pass                                                                                                                     151
fflib_MatcherDefinitionsTest.whenListContainsMatchesShouldReturnCorrectResults                                        Pass                                                                                                                     210
fflib_MatcherDefinitionsTest.whenListIsEmptyMatchesShouldReturnCorrectResults                                         Pass                                                                                                                     170
fflib_MatcherDefinitionsTest.whenRefEqMatchesShouldReturnCorrectResults                                               Pass                                                                                                                     205
fflib_MatcherDefinitionsTest.whenSObjectOfTypeMatchesShouldReturnCorrectResults                                       Pass                                                                                                                     244
fflib_MatcherDefinitionsTest.whenSObjectsInAnyOrderWithMatchesShouldReturnCorrectResults                              Pass                                                                                                                     189
fflib_MatcherDefinitionsTest.whenSObjectsWithInOrderMatchesShouldReturnCorrectResults                                 Pass                                                                                                                     196
fflib_MatcherDefinitionsTest.whenSObjectWithIdMatchesShouldReturnCorrectResults                                       Pass                                                                                                                     185
fflib_MatcherDefinitionsTest.whenSObjectWithMatchesShouldReturnCorrectResults                                         Pass                                                                                                                     182
fflib_MatcherDefinitionsTest.whenSObjectWithNameMatchesShouldReturnCorrectResults                                     Pass                                                                                                                     183
fflib_MatcherDefinitionsTest.whenStringContainsMatchesShouldReturnCorrectResults                                      Pass                                                                                                                     240
fflib_MatcherDefinitionsTest.whenStringEndsWithMatchesShouldReturnCorrectResults                                      Pass                                                                                                                     172
fflib_MatcherDefinitionsTest.whenStringMatchesMatchesShouldReturnCorrectResults                                       Pass                                                                                                                     336
fflib_MatcherDefinitionsTest.whenStringStartsWithMatchesShouldReturnCorrectResults                                    Pass                                                                                                                     185
fflib_MatchTest.allOfWith2ArgsRegistersCorrectMatcherType                                                             Pass                                                                                                                     73
fflib_MatchTest.allOfWith3ArgsRegistersCorrectMatcherType                                                             Pass                                                                                                                     10
fflib_MatchTest.allOfWith4ArgsRegistersCorrectMatcherType                                                             Pass                                                                                                                     10
fflib_MatchTest.allOfWithEmptyArgsThrowsException                                                                     Pass                                                                                                                     10
fflib_MatchTest.allOfWithListArgsRegistersCorrectMatcherType                                                          Pass                                                                                                                     8
fflib_MatchTest.allOfWithNoArgsThrowsException                                                                        Pass                                                                                                                     8
fflib_MatchTest.allOfWithoutRegisteringInnerMatchersThrowsException                                                   Pass                                                                                                                     8
fflib_MatchTest.anyBooleanRegistersCorrectMatcherType                                                                 Pass                                                                                                                     7
fflib_MatchTest.anyDateRegistersCorrectMatcherType                                                                    Pass                                                                                                                     8
fflib_MatchTest.anyDatetimeRegistersCorrectMatcherType                                                                Pass                                                                                                                     8
fflib_MatchTest.anyDecimalRegistersCorrectMatcherType                                                                 Pass                                                                                                                     7
fflib_MatchTest.anyDoubleRegistersCorrectMatcherType                                                                  Pass                                                                                                                     7
fflib_MatchTest.anyFieldSetRegistersCorrectMatcherType                                                                Pass                                                                                                                     6
fflib_MatchTest.anyIdRegistersCorrectMatcherType                                                                      Pass                                                                                                                     8
fflib_MatchTest.anyIntegerRegistersCorrectMatcherType                                                                 Pass                                                                                                                     8
fflib_MatchTest.anyListRegistersCorrectMatcherType                                                                    Pass                                                                                                                     6
fflib_MatchTest.anyLongRegistersCorrectMatcherType                                                                    Pass                                                                                                                     9
fflib_MatchTest.anyObjectRegistersCorrectMatcherType                                                                  Pass                                                                                                                     6
fflib_MatchTest.anyOfWith2ArgsRegistersCorrectMatcherType                                                             Pass                                                                                                                     8
fflib_MatchTest.anyOfWith3ArgsRegistersCorrectMatcherType                                                             Pass                                                                                                                     9
fflib_MatchTest.anyOfWith4ArgsRegistersCorrectMatcherType                                                             Pass                                                                                                                     10
fflib_MatchTest.anyOfWithListArgsRegistersCorrectMatcherType                                                          Pass                                                                                                                     9
fflib_MatchTest.anySObjectFieldRegistersCorrectMatcherType                                                            Pass                                                                                                                     6
fflib_MatchTest.anySObjectRegistersCorrectMatcherType                                                                 Pass                                                                                                                     8
fflib_MatchTest.anySObjectTypeRegistersCorrectMatcherType                                                             Pass                                                                                                                     7
fflib_MatchTest.anyStringRegistersCorrectMatcherType                                                                  Pass                                                                                                                     7
fflib_MatchTest.dateAfterRegistersCorrectMatcherType                                                                  Pass                                                                                                                     11
fflib_MatchTest.dateBeforeRegistersCorrectMatcherType                                                                 Pass                                                                                                                     7
fflib_MatchTest.dateBetweenRegistersCorrectMatcherType                                                                Pass                                                                                                                     9
fflib_MatchTest.datetimeAfterRegistersCorrectMatcherType                                                              Pass                                                                                                                     7
fflib_MatchTest.datetimeBeforeRegistersCorrectMatcherType                                                             Pass                                                                                                                     8
fflib_MatchTest.datetimeBetweenRegistersCorrectMatcherType                                                            Pass                                                                                                                     9
fflib_MatchTest.decimalBetweenRegistersCorrectMatcherType                                                             Pass                                                                                                                     9
fflib_MatchTest.decimalLessThanRegistersCorrectMatcherType                                                            Pass                                                                                                                     8
fflib_MatchTest.decimalMoreThanRegistersCorrectMatcherType                                                            Pass                                                                                                                     7
fflib_MatchTest.doubleBetweenRegistersCorrectMatcherType                                                              Pass                                                                                                                     7
fflib_MatchTest.doubleLessThanRegistersCorrectMatcherType                                                             Pass                                                                                                                     16
fflib_MatchTest.doubleMoreThanRegistersCorrectMatcherType                                                             Pass                                                                                                                     7
fflib_MatchTest.eqBooleanRegistersCorrectMatcherType                                                                  Pass                                                                                                                     7
fflib_MatchTest.eqDateRegistersCorrectMatcherType                                                                     Pass                                                                                                                     7
fflib_MatchTest.eqDatetimeRegistersCorrectMatcherType                                                                 Pass                                                                                                                     6
fflib_MatchTest.eqDecimalRegistersCorrectMatcherType                                                                  Pass                                                                                                                     7
fflib_MatchTest.eqDoubleRegistersCorrectMatcherType                                                                   Pass                                                                                                                     7
fflib_MatchTest.eqIdRegistersCorrectMatcherType                                                                       Pass                                                                                                                     9
fflib_MatchTest.eqIntegerRegistersCorrectMatcherType                                                                  Pass                                                                                                                     7
fflib_MatchTest.eqListRegistersCorrectMatcherType                                                                     Pass                                                                                                                     7
fflib_MatchTest.eqLongRegistersCorrectMatcherType                                                                     Pass                                                                                                                     7
fflib_MatchTest.eqRegistersCorrectMatcherType                                                                         Pass                                                                                                                     10
fflib_MatchTest.eqSObjectFieldRegistersCorrectMatcherType                                                             Pass                                                                                                                     106
fflib_MatchTest.eqSObjectTypeRegistersCorrectMatcherType                                                              Pass                                                                                                                     20
fflib_MatchTest.eqStringRegistersCorrectMatcherType                                                                   Pass                                                                                                                     8
fflib_MatchTest.fieldSetEquivalentToRegistersCorrectMatcherType                                                       Pass                                                                                                                     2260
fflib_MatchTest.fieldSetEquivalentWithNullFieldSetThrowsException                                                     Pass                                                                                                                     9
fflib_MatchTest.integerBetweenRegistersCorrectMatcherType                                                             Pass                                                                                                                     8
fflib_MatchTest.integerLessThanRegistersCorrectMatcherType                                                            Pass                                                                                                                     8
fflib_MatchTest.integerMoreThanRegistersCorrectMatcherType                                                            Pass                                                                                                                     8
fflib_MatchTest.isNotNullRegistersCorrectMatcherType                                                                  Pass                                                                                                                     9
fflib_MatchTest.isNotRegistersCorrectMatcherType                                                                      Pass                                                                                                                     11
fflib_MatchTest.isNullRegistersCorrectMatcherType                                                                     Pass                                                                                                                     7
fflib_MatchTest.listContainsRegistersCorrectMatcherType                                                               Pass                                                                                                                     8
fflib_MatchTest.listIsEmptyRegistersCorrectMatcherType                                                                Pass                                                                                                                     7
fflib_MatchTest.longBetweenRegistersCorrectMatcherType                                                                Pass                                                                                                                     10
fflib_MatchTest.longLessThanRegistersCorrectMatcherType                                                               Pass                                                                                                                     14
fflib_MatchTest.longMoreThanRegistersCorrectMatcherType                                                               Pass                                                                                                                     9
fflib_MatchTest.noneOfWith2ArgsRegistersCorrectMatcherType                                                            Pass                                                                                                                     11
fflib_MatchTest.noneOfWith3ArgsRegistersCorrectMatcherType                                                            Pass                                                                                                                     12
fflib_MatchTest.noneOfWith4ArgsRegistersCorrectMatcherType                                                            Pass                                                                                                                     10
fflib_MatchTest.noneOfWithListArgsRegistersCorrectMatcherType                                                         Pass                                                                                                                     9
fflib_MatchTest.refEqRegistersCorrectMatcherType                                                                      Pass                                                                                                                     8
fflib_MatchTest.sObjectOfTypeRegistersCorrectMatcherType                                                              Pass                                                                                                                     27
fflib_MatchTest.sObjectsWithMatchInOrderRegistersCorrectMatcherType                                                   Pass                                                                                                                     30
fflib_MatchTest.sObjectsWithRegistersCorrectMatcherType                                                               Pass                                                                                                                     30
fflib_MatchTest.sObjectWithIdRegistersCorrectMatcherType                                                              Pass                                                                                                                     11
fflib_MatchTest.sObjectWithNameRegistersCorrectMatcherType                                                            Pass                                                                                                                     8
fflib_MatchTest.sObjectWithRegistersCorrectMatcherType                                                                Pass                                                                                                                     26
fflib_MatchTest.stringContainsRegistersCorrectMatcherType                                                             Pass                                                                                                                     7
fflib_MatchTest.stringEndsWithRegistersCorrectMatcherType                                                             Pass                                                                                                                     8
fflib_MatchTest.stringIsBlankRegistersCorrectMatcherType                                                              Pass                                                                                                                     7
fflib_MatchTest.stringIsNotBlankRegistersCorrectMatcherType                                                           Pass                                                                                                                     9
fflib_MatchTest.stringMatchesRegistersCorrectMatcherType                                                              Pass                                                                                                                     9
fflib_MatchTest.stringStartsWithRegistersCorrectMatcherType                                                           Pass                                                                                                                     8
fflib_MatchTest.whenMatchesAllArgsWithDifferentSizeArgValuesAndMatchersThrowsException                                Pass                                                                                                                     10
fflib_MatchTest.whenMatchesAllArgsWithManyMatchesReturnsTrue                                                          Pass                                                                                                                     8
fflib_MatchTest.whenMatchesAllArgsWithManyMismatchesReturnsFalse                                                      Pass                                                                                                                     7
fflib_MatchTest.whenMatchesAllArgsWithMatchesAndMismatchesReturnsFalse                                                Pass                                                                                                                     7
fflib_MatchTest.whenMatchesAllArgsWithNullMatchersThrowsException                                                     Pass                                                                                                                     8
fflib_MatchTest.whenMatchesAllArgsWithNullMethodArgsArgValuesThrowsException                                          Pass                                                                                                                     10
fflib_MatchTest.whenMatchesAllArgsWithNullMethodArgsThrowsException                                                   Pass                                                                                                                     8
fflib_MatchTest.whenMatchesAllArgsWithOneMatchReturnsTrue                                                             Pass                                                                                                                     7
fflib_MatchTest.whenMatchesAllArgsWithOneMismatchReturnsFalse                                                         Pass                                                                                                                     7
fflib_MatchTest.whenMatchesWithOneMatcherRegistersMatcher                                                             Pass                                                                                                                     6
fflib_MatchTest.whenMatchesWithOneMatcherReturnsNull                                                                  Pass                                                                                                                     7
fflib_MatchTest.whenMatchesWithOneMatcherSetsMatchingToTrue                                                           Pass                                                                                                                     6
fflib_MethodArgValuesTest.equalsReturnsExpectedResults                                                                Pass                                                                                                                     35
fflib_MethodArgValuesTest.hashCodeReturnsExpectedResults                                                              Pass                                                                                                                     13
fflib_QualifiedMethodTest.equalsReturnsExpectedResults                                                                Pass                                                                                                                     82
fflib_QualifiedMethodTest.equalsReturnsExpectedResultsForHasDependentMocks                                            Pass                                                                                                                     16
fflib_QualifiedMethodTest.hashCodeReturnsExpectedResults                                                              Pass                                                                                                                     31
fflib_QualifiedMethodTest.hashCodeReturnsExpectedResultsForHasDependentMocks                                          Pass                                                                                                                     14
fflib_QualifiedMethodTest.toStringReturnsExpectedResult                                                               Pass                                                                                                                     7
fflib_QueryFactoryTest.addChildQueriesWithChildRelationshipNoAccessibleCheck_fail                                     Pass                                                                                                                     1286
fflib_QueryFactoryTest.addChildQueriesWithChildRelationshipNoAccessibleCheck_success                                  Pass                                                                                                                     314
fflib_QueryFactoryTest.addChildQueriesWithChildRelationshipObjCheckIsAccessible_success                               Pass                                                                                                                     194
fflib_QueryFactoryTest.addChildQueriesWithChildRelationshipObj_success                                                Pass                                                                                                                     200
fflib_QueryFactoryTest.addChildQueriesWithChildRelationship_success                                                   Pass                                                                                                                     272
fflib_QueryFactoryTest.addChildQueries_invalidChildRelationship                                                       Pass                                                                                                                     192
fflib_QueryFactoryTest.addChildQueries_invalidChildRelationshipTooDeep                                                Pass                                                                                                                     265
fflib_QueryFactoryTest.addChildQueries_success                                                                        Pass                                                                                                                     227
fflib_QueryFactoryTest.addChildQuerySameRelationshipAgain_success                                                     Pass                                                                                                                     340
fflib_QueryFactoryTest.checkFieldObjectReadSort_success                                                               Pass                                                                                                                     124
fflib_QueryFactoryTest.checkFieldRead_fail                                                                            Pass                                                                                                                     632
fflib_QueryFactoryTest.checkObjectRead_fail                                                                           Pass                                                                                                                     359
fflib_QueryFactoryTest.deepCloneBasic                                                                                 Pass                                                                                                                     31
fflib_QueryFactoryTest.deepCloneBasicNoChanges                                                                        Pass                                                                                                                     34
fflib_QueryFactoryTest.deepCloneSubquery                                                                              Pass                                                                                                                     180
fflib_QueryFactoryTest.deepCloneSubqueryNoChanges                                                                     Pass                                                                                                                     47
fflib_QueryFactoryTest.deterministic_toSOQL                                                                           Pass                                                                                                                     155
fflib_QueryFactoryTest.duplicateFieldSelection                                                                        Pass                                                                                                                     20
fflib_QueryFactoryTest.equalityCheck                                                                                  Pass                                                                                                                     27
fflib_QueryFactoryTest.fieldSelections                                                                                Pass                                                                                                                     123
fflib_QueryFactoryTest.invalidCrossObjectField                                                                        Pass                                                                                                                     115
fflib_QueryFactoryTest.invalidFields_noQueryField                                                                     Pass                                                                                                                     13
fflib_QueryFactoryTest.invalidFields_nullToken                                                                        Pass                                                                                                                     17
fflib_QueryFactoryTest.invalidFields_string                                                                           Pass                                                                                                                     15
fflib_QueryFactoryTest.invalidFieldTests                                                                              Pass                                                                                                                     17
fflib_QueryFactoryTest.invalidField_nullToken                                                                         Pass                                                                                                                     13
fflib_QueryFactoryTest.invalidField_string                                                                            Pass                                                                                                                     17
fflib_QueryFactoryTest.nonReferenceField                                                                              Pass                                                                                                                     109
fflib_QueryFactoryTest.ordering                                                                                       Pass                                                                                                                     22
fflib_QueryFactoryTest.queryFieldsNotEquals                                                                           Pass                                                                                                                     9
fflib_QueryFactoryTest.queryWith_noFields                                                                             Pass                                                                                                                     19
fflib_QueryFactoryTest.setOrdering_ReplacesPreviousOrderingsWithExpectedOrdering                                      Pass                                                                                                                     138
fflib_QueryFactoryTest.simpleFieldCondition                                                                           Pass                                                                                                                     15
fflib_QueryFactoryTest.simpleFieldSelection                                                                           Pass                                                                                                                     20
fflib_QueryFactoryTest.testSoql_unsortedSelectFields                                                                  Pass                                                                                                                     128
fflib_SecurityUtilsTest.readonly_field_access                                                                         Pass                                                                                                                     630
fflib_SecurityUtilsTest.readonly_objectAndField_access                                                                Pass                                                                                                                     881
fflib_SecurityUtilsTest.readonly_object_access                                                                        Pass                                                                                                                     289
fflib_SecurityUtilsTest.sysadmin_objectAndField_access                                                                Pass                                                                                                                     285
fflib_SObjectDescribeTest.FieldsMap                                                                                   Pass                                                                                                                     102
fflib_SObjectDescribeTest.flushCache                                                                                  Pass                                                                                                                     38
fflib_SObjectDescribeTest.getAccountDescribes                                                                         Pass                                                                                                                     30
fflib_SObjectDescribeTest.getDescribe_badInput                                                                        Pass                                                                                                                     5
fflib_SObjectDescribeTest.GlobalDescribeMap                                                                           Pass                                                                                                                     9
fflib_SObjectDescribeTest.NamespacedAttributeMap_implementations                                                      Pass                                                                                                                     144
fflib_SObjectDescribeTest.rawGlobalDescribeCheck                                                                      Pass                                                                                                                     42
fflib_SObjectDescribeTest.simpleAccountFieldDescribe                                                                  Pass                                                                                                                     12
fflib_SObjectDescribeTest.simpleAccountFieldSetDescribe                                                               Pass                                                                                                                     12
fflib_SObjectDescribeTest.simpleAccountGetNameField                                                                   Pass                                                                                                                     21
fflib_SObjectDomainTest.itShouldReturnTheChangedRecordsBySObjectFields                                                Pass                                                                                                                     72
fflib_SObjectDomainTest.itShouldReturnTheChangedRecordsByStringFields                                                 Pass                                                                                                                     13
fflib_SObjectDomainTest.testDisableTriggerEventsBehaviour                                                             Pass                                                                                                                     72
fflib_SObjectDomainTest.testErrorLogging                                                                              Pass                                                                                                                     9
fflib_SObjectDomainTest.testGetChangedFieldsAsStrings                                                                 Pass                                                                                                                     16
fflib_SObjectDomainTest.testInsertValidationFailedWithoutDML                                                          Pass                                                                                                                     19
fflib_SObjectDomainTest.testObjectSecurity                                                                            Pass                                                                                                                     2313
fflib_SObjectDomainTest.testOnAfterUndeleteWithoutDML                                                                 Pass                                                                                                                     19
fflib_SObjectDomainTest.testOnBeforeDeleteWithoutDML                                                                  Pass                                                                                                                     19
fflib_SObjectDomainTest.testOnValidateBehaviorDefault                                                                 Pass                                                                                                                     21
fflib_SObjectDomainTest.testOnValidateBehaviorOld                                                                     Pass                                                                                                                     19
fflib_SObjectDomainTest.testRecursiveTriggerState                                                                     Pass                                                                                                                     29
fflib_SObjectDomainTest.testTriggerState                                                                              Pass                                                                                                                     18
fflib_SObjectDomainTest.testUpdateValidationFailedWithoutDML                                                          Pass                                                                                                                     25
fflib_SObjectDomainTest.testValidationWithoutDML                                                                      Pass                                                                                                                     29
fflib_SObjectSelectorTest.testAssertIsAccessible                                                                      Pass                                                                                                                     519
fflib_SObjectSelectorTest.testCRUDOff                                                                                 Pass                                                                                                                     1315
fflib_SObjectSelectorTest.testDefaultConfig                                                                           Pass                                                                                                                     15
fflib_SObjectSelectorTest.testGetSObjectName                                                                          Pass                                                                                                                     11
fflib_SObjectSelectorTest.testQueryLocatorById                                                                        Pass                                                                                                                     182
fflib_SObjectSelectorTest.testSelectSObjectsById                                                                      Pass                                                                                                                     95
fflib_SObjectSelectorTest.testSOQL                                                                                    Pass                                                                                                                     21
fflib_SObjectSelectorTest.testWithOrderingNullsLast                                                                   Pass                                                                                                                     21
fflib_SObjectSelectorTest.testWithoutSorting                                                                          Pass                                                                                                                     23
fflib_SObjectUnitOfWorkTest.testDerivedUnitOfWork_CommitDMLFail                                                       Pass                                                                                                                     115
fflib_SObjectUnitOfWorkTest.testDerivedUnitOfWork_CommitDoWorkFail                                                    Pass                                                                                                                     160
fflib_SObjectUnitOfWorkTest.testDerivedUnitOfWork_CommitSuccess                                                       Pass                                                                                                                     2366
fflib_SObjectUnitOfWorkTest.testRegisterDirty_ExpectReplacement                                                       Pass                                                                                                                     946
fflib_SObjectUnitOfWorkTest.testRegisterDirty_field                                                                   Pass                                                                                                                     490
fflib_SObjectUnitOfWorkTest.testRegisterUpsert                                                                        Pass                                                                                                                     610
fflib_SObjectUnitOfWorkTest.testUnitOfWorkEmail                                                                       Pass                                                                                                                     344
fflib_SObjectUnitOfWorkTest.testUnitOfWorkNewDirtyDelete                                                              Fail     forms.fflib_QueryFactory.InvalidFieldException: Invalid field 'OpportunityLineItems' for object 'Opportunity'   2826
                                                                                                                               Class.forms.fflib_QueryFactory.getFieldPath: line 91, column 1
                                                                                                                               Class.forms.fflib_QueryFactory: line 240, column 1
                                                                                                                               Class.forms.fflib_SecureDML: line 352, column 1
                                                                                                                               Class.forms.fflib_SecureDML: line 311, column 1
                                                                                                                               Class.forms.fflib_SecureDML: line 193, column 1
                                                                                                                               Class.forms.fflib_SecureDML: line 70, column 1
                                                                                                                               Class.forms.fflib_SObjectUnitOfWork.updateDmlByType: line 766, column 1
                                                                                                                               Class.forms.fflib_SObjectUnitOfWork.doCommitWork: line 706, column 1
                                                                                                                               Class.forms.fflib_SObjectUnitOfWork.commitWork: line 682, column 1
                                                                                                                               Class.forms.fflib_SObjectUnitOfWorkTest.testUnitOfWorkNewDirtyDelete: line 142, column 1
fflib_StringBuilderTest.testCommaDelimitedBuilder1                                                                    Pass                                                                                                                     117
fflib_StringBuilderTest.testCommaDelimitedBuilder2                                                                    Pass                                                                                                                     7
fflib_StringBuilderTest.testCommanDelimitedBuilderWithAlternativeDelimiter                                            Pass                                                                                                                     7
fflib_StringBuilderTest.testCommanDelimitedBuilderWithAlternativeDelimiterAndPrefix                                   Pass                                                                                                                     20
fflib_StringBuilderTest.testCommanDelimitedBuilderWithItemPrefix                                                      Pass                                                                                                                     9
fflib_StringBuilderTest.testfflib_StringBuilder1                                                                      Pass                                                                                                                     8
fflib_StringBuilderTest.testfflib_StringBuilder2                                                                      Pass                                                                                                                     6
fflib_StringBuilderTest.testFieldListBuilder                                                                          Pass                                                                                                                     10
fflib_StringBuilderTest.testMultiCurrencyFieldListBuilder                                                             Pass                                                                                                                     9
fflib_SystemTest.assertEquals_WithCombinedMatcher_ShouldPass                                                          Pass                                                                                                                     58
fflib_SystemTest.assertEquals_WithCustomMessage_WithCombinedMatcher_ShouldPass                                        Pass                                                                                                                     15
fflib_SystemTest.assertEquals_WithCustomMessage_WithMatch_ShouldPass                                                  Pass                                                                                                                     9
fflib_SystemTest.assertEquals_WithCustomMessage_WithMismatch_ShouldThrowException                                     Pass                                                                                                                     13
fflib_SystemTest.assertEquals_WithCustomMessage_WithNoMatchers_ShouldThrowException                                   Pass                                                                                                                     7
fflib_SystemTest.assertEquals_WithCustomMessage_WithTooManyMatchers_ShouldThrowException                              Pass                                                                                                                     10
fflib_SystemTest.assertEquals_WithMatch_ShouldPass                                                                    Pass                                                                                                                     7
fflib_SystemTest.assertEquals_WithMismatch_ShouldThrowException                                                       Pass                                                                                                                     10
fflib_SystemTest.assertEquals_WithNoMatchers_ShouldThrowException                                                     Pass                                                                                                                     9
fflib_SystemTest.assertEquals_WithTooManyMatchers_ShouldThrowException                                                Pass                                                                                                                     12
FormSummaryControllerUnitTest.shouldDeleteForm                                                                        Pass                                                                                                                     537
FormSummaryControllerUnitTest.shouldDeleteFormResponse                                                                Pass                                                                                                                     267
FormSummaryControllerUnitTest.shouldGetAnswerColumns                                                                  Pass                                                                                                                     88
FormSummaryControllerUnitTest.shouldGetForm                                                                           Pass                                                                                                                     173
FormSummaryControllerUnitTest.shouldGetFormResponses                                                                  Pass                                                                                                                     98
FormSummaryControllerUnitTest.shouldNotDeleteForm                                                                     Pass                                                                                                                     137
FormSummaryControllerUnitTest.shouldPublishForm                                                                       Pass                                                                                                                     313
JobsResourceUnitTest.shouldUpdateJob                                                                                  Pass                                                                                                                     5
RecordsSyncResourceUnitTest.shouldGetRecords                                                                          Pass                                                                                                                     4
ResponseControllerUnitTest.shouldConnectionSearch                                                                     Pass                                                                                                                     227
ResponseControllerUnitTest.shouldCreateResponse                                                                       Pass                                                                                                                     246
ResponseControllerUnitTest.shouldFormSearch                                                                           Pass                                                                                                                     78
ResponseControllerUnitTest.shouldGetConnections                                                                       Pass                                                                                                                     8
ResponseControllerUnitTest.shouldGetQuestions                                                                         Pass                                                                                                                     215
ResponseControllerUnitTest.shouldGetResponse                                                                          Pass                                                                                                                     416
ResponseControllerUnitTest.shouldGetResponses                                                                         Pass                                                                                                                     417
ResponseControllerUnitTest.shouldSaveResponse                                                                         Pass                                                                                                                     412
ResponseControllerUnitTest.shouldSubmitResponse                                                                       Pass                                                                                                                     456
ResponsesResourceUnitTest.shouldDeleteResponses                                                                       Pass                                                                                                                     887
ResponsesResourceUnitTest.shouldUpdateResponses                                                                       Pass                                                                                                                     297
SetupControllerUnitTest.shouldCreateConnect                                                                           Pass                                                                                                                     5
SetupControllerUnitTest.shouldGetSetup                                                                                Pass                                                                                                                     7
SetupControllerUnitTest.shouldRegisterUsers                                                                           Pass                                                                                                                     7

=== Failures
FULLNAME                                                                        MESSAGE
──────────────────────────────────────────────────────────────────────────────  ───────────────────────────────────────────────────────────────────────────────────────────────────────────────────────────────────────────
ConnectionCreateJobTest.shouldFailToCreateOpportunityConnectionFromCustomValue  System.AssertException: Assertion Failed: Expected: Success, Actual: Failed
                                                                                /Users/befigenio/Sandbox/clarity/forms/clarity-scratch-org/force-app/main/default/classes/tests/batchjobs/ConnectionCreateJobTest.cls:164:1
fflib_SObjectUnitOfWorkTest.testUnitOfWorkNewDirtyDelete                        forms.fflib_QueryFactory.InvalidFieldException: Invalid field 'OpportunityLineItems' for object 'Opportunity'
                                                                                /Users/befigenio/Sandbox/clarity/forms/clarity-scratch-org/force-app/main/default/classes/fflib/fflib_QueryFactory.cls:91:1
                                                                                /Users/befigenio/Sandbox/clarity/forms/clarity-scratch-org/force-app/main/default/classes/domains/forms.cls:240:1
                                                                                /Users/befigenio/Sandbox/clarity/forms/clarity-scratch-org/force-app/main/default/classes/domains/forms.cls:352:1
                                                                                /Users/befigenio/Sandbox/clarity/forms/clarity-scratch-org/force-app/main/default/classes/domains/forms.cls:311:1
                                                                                /Users/befigenio/Sandbox/clarity/forms/clarity-scratch-org/force-app/main/default/classes/domains/forms.cls:193:1
                                                                                /Users/befigenio/Sandbox/clarity/forms/clarity-scratch-org/force-app/main/default/classes/domains/forms.cls:70:1
                                                                                /Users/befigenio/Sandbox/clarity/forms/clarity-scratch-org/force-app/main/default/classes/fflib/fflib_SObjectUnitOfWork.cls:766:1
                                                                                /Users/befigenio/Sandbox/clarity/forms/clarity-scratch-org/force-app/main/default/classes/fflib/fflib_SObjectUnitOfWork.cls:706:1
                                                                                /Users/befigenio/Sandbox/clarity/forms/clarity-scratch-org/force-app/main/default/classes/fflib/fflib_SObjectUnitOfWork.cls:682:1
                                                                                /Users/befigenio/Sandbox/clarity/forms/clarity-scratch-org/force-app/main/default/classes/tests/fflib/fflib_SObjectUnitOfWorkTest.cls:142:1

=== Test Summary
NAME                 VALUE
───────────────────  ──────────────────────────────────────────────────────
Outcome              Failed
Tests Ran            574
Passing              572
Failing              2
Skipped              0
Pass Rate            100%
Fail Rate            0%
Test Start Time      Oct 12, 2020 12:46 PM
Test Execution Time  76234 ms
Test Total Time      75278 ms
Command Time         54926 ms
Hostname             https://energy-data-448-dev-ed.cs68.my.salesforce.com
Org Id               00D1D000000HVNZUA4
Username             test-p3ikuwqzk4ds@example.com
Test Run Id          7071D0000111q9s
User Id              0051D000004x6g3QAA

